    OpenRGB v0.9+ (1.0rc2)
    Commit:  from 
    Launched: 20260613_115147
====================================================================================================

0     |Info:    [ProfileManager] Found file: 1.orp attempting to validate header
0     |Info:    [ProfileManager] Valid v5 profile found for 1
52    |Info:    [ResourceManager] Initializing HID interfaces: Success
52    |Info:    ------------------------------------------------------
52    |Info:    |               Start device detection               |
52    |Info:    ------------------------------------------------------
56    |Info:    ------------------------------------------------------
56    |Info:    |             Detecting I2C interfaces               |
56    |Info:    ------------------------------------------------------
56    |Info:    [ResourceManager] Registering I2C interface: /dev/i2c-3 Device 10DE:0A65 Subsystem: 1462:2291
56    |Info:    [ResourceManager] Registering I2C interface: /dev/i2c-10 Device 10DE:0A65 Subsystem: 1462:2291
56    |Info:    [ResourceManager] Registering I2C interface: /dev/i2c-1 Device 10DE:0A65 Subsystem: 1462:2291
56    |Info:    [ResourceManager] Registering I2C interface: /dev/i2c-8 Device 10DE:0A65 Subsystem: 1462:2291
57    |Info:    [ResourceManager] Registering I2C interface: /dev/i2c-6 Device 10DE:0A65 Subsystem: 1462:2291
57    |Info:    [ResourceManager] Registering I2C interface: /dev/i2c-4 Device 10DE:0A65 Subsystem: 1462:2291
57    |Info:    [ResourceManager] Registering I2C interface: /dev/i2c-11 Device 10DE:0A65 Subsystem: 1462:2291
57    |Info:    [ResourceManager] Registering I2C interface: /dev/i2c-2 Device 10DE:0A65 Subsystem: 1462:2291
57    |Info:    [ResourceManager] Registering I2C interface: /dev/i2c-0 Device 10DE:0A65 Subsystem: 1462:2291
57    |Info:    [ResourceManager] Registering I2C interface: /dev/i2c-9 Device 10DE:0A65 Subsystem: 1462:2291
57    |Info:    [ResourceManager] Registering I2C interface: /dev/i2c-7 Device 10DE:0A65 Subsystem: 1462:2291
57    |Info:    [ResourceManager] Registering I2C interface: /dev/i2c-5 Device 10DE:0A65 Subsystem: 1462:2291
57    |Info:    [ResourceManager] Registering I2C interface: /dev/i2c-12 Device 8086:A2A3 Subsystem: 1462:7C39
57    |Info:    ------------------------------------------------------
57    |Info:    |               Detecting I2C devices                |
57    |Info:    ------------------------------------------------------
360   |Info:    ------------------------------------------------------
360   |Info:    |            Detecting I2C DIMM modules              |
360   |Info:    ------------------------------------------------------
565   |Info:    [ResourceManager] Detected occupied slot 2, bus 12, type DDR4
892   |Info:    [ResourceManager] Detected occupied slot 4, bus 12, type DDR4
1155  |Info:    ------------------------------------------------------
1155  |Info:    |               Detecting I2C PCI devices            |
1155  |Info:    ------------------------------------------------------
1156  |Info:    ------------------------------------------------------
1156  |Info:    |               Detecting HID devices                |
1156  |Info:    ------------------------------------------------------
1156  |Info:    [] Registering RGB controller
1156  |Info:    ------------------------------------------------------
1156  |Info:    |            Detecting libusb HID devices            |
1156  |Info:    ------------------------------------------------------
1160  |Info:    ------------------------------------------------------
1160  |Info:    |              Detecting other devices               |
1160  |Info:    ------------------------------------------------------
1164  |Info:    [ResourceManager] Calling Post-detection callbacks
1164  |Info:    ------------------------------------------------------
1164  |Info:    |                Detection completed                 |
1164  |Info:    ------------------------------------------------------
