    OpenRGB v0.9+ (1.0rc2)
    Commit:  from 
    Launched: 20260613_202429
====================================================================================================

0     |Info:    [ProfileManager] Found file: 1.orp attempting to validate header
1     |Info:    [ProfileManager] Valid v5 profile found for 1
62    |Info:    [ResourceManager] Initializing HID interfaces: Success
62    |Info:    ------------------------------------------------------
62    |Info:    |               Start device detection               |
62    |Info:    ------------------------------------------------------
66    |Info:    ------------------------------------------------------
66    |Info:    |             Detecting I2C interfaces               |
66    |Info:    ------------------------------------------------------
66    |Info:    [ResourceManager] Registering I2C interface: /dev/i2c-3 Device 10DE:0A65 Subsystem: 1462:2291
66    |Info:    [ResourceManager] Registering I2C interface: /dev/i2c-10 Device 10DE:0A65 Subsystem: 1462:2291
66    |Info:    [ResourceManager] Registering I2C interface: /dev/i2c-1 Device 10DE:0A65 Subsystem: 1462:2291
66    |Info:    [ResourceManager] Registering I2C interface: /dev/i2c-8 Device 10DE:0A65 Subsystem: 1462:2291
66    |Info:    [ResourceManager] Registering I2C interface: /dev/i2c-6 Device 10DE:0A65 Subsystem: 1462:2291
66    |Info:    [ResourceManager] Registering I2C interface: /dev/i2c-4 Device 10DE:0A65 Subsystem: 1462:2291
66    |Info:    [ResourceManager] Registering I2C interface: /dev/i2c-11 Device 10DE:0A65 Subsystem: 1462:2291
66    |Info:    [ResourceManager] Registering I2C interface: /dev/i2c-2 Device 10DE:0A65 Subsystem: 1462:2291
66    |Info:    [ResourceManager] Registering I2C interface: /dev/i2c-0 Device 10DE:0A65 Subsystem: 1462:2291
66    |Info:    [ResourceManager] Registering I2C interface: /dev/i2c-9 Device 10DE:0A65 Subsystem: 1462:2291
66    |Info:    [ResourceManager] Registering I2C interface: /dev/i2c-7 Device 10DE:0A65 Subsystem: 1462:2291
67    |Info:    [ResourceManager] Registering I2C interface: /dev/i2c-5 Device 10DE:0A65 Subsystem: 1462:2291
67    |Info:    [ResourceManager] Registering I2C interface: /dev/i2c-12 Device 8086:A2A3 Subsystem: 1462:7C39
67    |Info:    ------------------------------------------------------
67    |Info:    |               Detecting I2C devices                |
67    |Info:    ------------------------------------------------------
365   |Info:    ------------------------------------------------------
365   |Info:    |            Detecting I2C DIMM modules              |
365   |Info:    ------------------------------------------------------
578   |Info:    [ResourceManager] Detected occupied slot 2, bus 12, type DDR4
924   |Info:    [ResourceManager] Detected occupied slot 4, bus 12, type DDR4
1188  |Info:    ------------------------------------------------------
1188  |Info:    |               Detecting I2C PCI devices            |
1188  |Info:    ------------------------------------------------------
1190  |Info:    ------------------------------------------------------
1190  |Info:    |               Detecting HID devices                |
1190  |Info:    ------------------------------------------------------
1191  |Info:    [] Registering RGB controller
1191  |Info:    ------------------------------------------------------
1191  |Info:    |            Detecting libusb HID devices            |
1191  |Info:    ------------------------------------------------------
1195  |Info:    ------------------------------------------------------
1196  |Info:    |              Detecting other devices               |
1196  |Info:    ------------------------------------------------------
1201  |Info:    [ResourceManager] Calling Post-detection callbacks
1201  |Info:    ------------------------------------------------------
1201  |Info:    |                Detection completed                 |
1201  |Info:    ------------------------------------------------------
