    OpenRGB v0.9+ (1.0rc2)
    Commit:  from 
    Launched: 20260615_160405
====================================================================================================

0     |Info:    [ProfileManager] Found file: 1.orp attempting to validate header
0     |Info:    [ProfileManager] Valid v5 profile found for 1
54    |Info:    [ResourceManager] Initializing HID interfaces: Success
54    |Info:    ------------------------------------------------------
54    |Info:    |               Start device detection               |
54    |Info:    ------------------------------------------------------
57    |Info:    ------------------------------------------------------
57    |Info:    |             Detecting I2C interfaces               |
57    |Info:    ------------------------------------------------------
57    |Info:    [ResourceManager] Registering I2C interface: /dev/i2c-3 Device 10DE:0A65 Subsystem: 1462:2291
57    |Info:    [ResourceManager] Registering I2C interface: /dev/i2c-10 Device 10DE:0A65 Subsystem: 1462:2291
57    |Info:    [ResourceManager] Registering I2C interface: /dev/i2c-1 Device 10DE:0A65 Subsystem: 1462:2291
57    |Info:    [ResourceManager] Registering I2C interface: /dev/i2c-8 Device 10DE:0A65 Subsystem: 1462:2291
57    |Info:    [ResourceManager] Registering I2C interface: /dev/i2c-6 Device 10DE:0A65 Subsystem: 1462:2291
57    |Info:    [ResourceManager] Registering I2C interface: /dev/i2c-4 Device 10DE:0A65 Subsystem: 1462:2291
57    |Info:    [ResourceManager] Registering I2C interface: /dev/i2c-11 Device 10DE:0A65 Subsystem: 1462:2291
57    |Info:    [ResourceManager] Registering I2C interface: /dev/i2c-2 Device 10DE:0A65 Subsystem: 1462:2291
58    |Info:    [ResourceManager] Registering I2C interface: /dev/i2c-0 Device 10DE:0A65 Subsystem: 1462:2291
58    |Info:    [ResourceManager] Registering I2C interface: /dev/i2c-9 Device 10DE:0A65 Subsystem: 1462:2291
58    |Info:    [ResourceManager] Registering I2C interface: /dev/i2c-7 Device 10DE:0A65 Subsystem: 1462:2291
58    |Info:    [ResourceManager] Registering I2C interface: /dev/i2c-5 Device 10DE:0A65 Subsystem: 1462:2291
58    |Info:    [ResourceManager] Registering I2C interface: /dev/i2c-12 Device 8086:A2A3 Subsystem: 1462:7C39
58    |Info:    ------------------------------------------------------
58    |Info:    |               Detecting I2C devices                |
58    |Info:    ------------------------------------------------------
364   |Info:    ------------------------------------------------------
364   |Info:    |            Detecting I2C DIMM modules              |
364   |Info:    ------------------------------------------------------
571   |Info:    [ResourceManager] Detected occupied slot 2, bus 12, type DDR4
914   |Info:    [ResourceManager] Detected occupied slot 4, bus 12, type DDR4
1199  |Info:    ------------------------------------------------------
1199  |Info:    |               Detecting I2C PCI devices            |
1199  |Info:    ------------------------------------------------------
1200  |Info:    ------------------------------------------------------
1200  |Info:    |               Detecting HID devices                |
1200  |Info:    ------------------------------------------------------
1200  |Info:    [] Registering RGB controller
1200  |Info:    ------------------------------------------------------
1200  |Info:    |            Detecting libusb HID devices            |
1200  |Info:    ------------------------------------------------------
1203  |Info:    ------------------------------------------------------
1203  |Info:    |              Detecting other devices               |
1203  |Info:    ------------------------------------------------------
1208  |Info:    [ResourceManager] Calling Post-detection callbacks
1208  |Info:    ------------------------------------------------------
1208  |Info:    |                Detection completed                 |
1208  |Info:    ------------------------------------------------------
