    OpenRGB v0.9+ (1.0rc2)
    Commit:  from 
    Launched: 20260612_224816
====================================================================================================

63    |Info:    [ResourceManager] Initializing HID interfaces: Success
63    |Info:    ------------------------------------------------------
63    |Info:    |               Start device detection               |
63    |Info:    ------------------------------------------------------
67    |Info:    ------------------------------------------------------
67    |Info:    |             Detecting I2C interfaces               |
67    |Info:    ------------------------------------------------------
85    |Info:    [ResourceManager] Registering I2C interface: /dev/i2c-3 Device 10DE:0A65 Subsystem: 1462:2291
85    |Info:    [ResourceManager] Registering I2C interface: /dev/i2c-10 Device 10DE:0A65 Subsystem: 1462:2291
85    |Info:    [ResourceManager] Registering I2C interface: /dev/i2c-1 Device 10DE:0A65 Subsystem: 1462:2291
85    |Info:    [ResourceManager] Registering I2C interface: /dev/i2c-8 Device 10DE:0A65 Subsystem: 1462:2291
85    |Info:    [ResourceManager] Registering I2C interface: /dev/i2c-6 Device 10DE:0A65 Subsystem: 1462:2291
85    |Info:    [ResourceManager] Registering I2C interface: /dev/i2c-4 Device 10DE:0A65 Subsystem: 1462:2291
85    |Info:    [ResourceManager] Registering I2C interface: /dev/i2c-11 Device 10DE:0A65 Subsystem: 1462:2291
86    |Info:    [ResourceManager] Registering I2C interface: /dev/i2c-2 Device 10DE:0A65 Subsystem: 1462:2291
86    |Info:    [ResourceManager] Registering I2C interface: /dev/i2c-0 Device 10DE:0A65 Subsystem: 1462:2291
86    |Info:    [ResourceManager] Registering I2C interface: /dev/i2c-9 Device 10DE:0A65 Subsystem: 1462:2291
86    |Info:    [ResourceManager] Registering I2C interface: /dev/i2c-7 Device 10DE:0A65 Subsystem: 1462:2291
86    |Info:    [ResourceManager] Registering I2C interface: /dev/i2c-5 Device 10DE:0A65 Subsystem: 1462:2291
86    |Info:    [ResourceManager] Registering I2C interface: /dev/i2c-12 Device 8086:A2A3 Subsystem: 1462:7C39
86    |Info:    ------------------------------------------------------
86    |Info:    |               Detecting I2C devices                |
86    |Info:    ------------------------------------------------------
383   |Info:    ------------------------------------------------------
383   |Info:    |            Detecting I2C DIMM modules              |
383   |Info:    ------------------------------------------------------
601   |Info:    [ResourceManager] Detected occupied slot 2, bus 12, type DDR4
943   |Info:    [ResourceManager] Detected occupied slot 4, bus 12, type DDR4
1207  |Info:    ------------------------------------------------------
1207  |Info:    |               Detecting I2C PCI devices            |
1207  |Info:    ------------------------------------------------------
1208  |Info:    ------------------------------------------------------
1208  |Info:    |               Detecting HID devices                |
1208  |Info:    ------------------------------------------------------
1209  |Info:    [] Registering RGB controller
1209  |Info:    ------------------------------------------------------
1209  |Info:    |            Detecting libusb HID devices            |
1209  |Info:    ------------------------------------------------------
1215  |Info:    ------------------------------------------------------
1215  |Info:    |              Detecting other devices               |
1215  |Info:    ------------------------------------------------------
1222  |Info:    [ResourceManager] Calling Post-detection callbacks
1222  |Info:    ------------------------------------------------------
1222  |Info:    |                Detection completed                 |
1222  |Info:    ------------------------------------------------------
