    OpenRGB v0.9+ (1.0rc2)
    Commit:  from 
    Launched: 20260615_160336
====================================================================================================

0     |Info:    [ProfileManager] Found file: 1.orp attempting to validate header
0     |Info:    [ProfileManager] Valid v5 profile found for 1
63    |Info:    [ResourceManager] Initializing HID interfaces: Success
63    |Info:    ------------------------------------------------------
63    |Info:    |               Start device detection               |
63    |Info:    ------------------------------------------------------
66    |Info:    ------------------------------------------------------
66    |Info:    |             Detecting I2C interfaces               |
66    |Info:    ------------------------------------------------------
66    |Info:    [ResourceManager] Registering I2C interface: /dev/i2c-3 Device 10DE:0A65 Subsystem: 1462:2291
66    |Info:    [ResourceManager] Registering I2C interface: /dev/i2c-10 Device 10DE:0A65 Subsystem: 1462:2291
66    |Info:    [ResourceManager] Registering I2C interface: /dev/i2c-1 Device 10DE:0A65 Subsystem: 1462:2291
66    |Info:    [ResourceManager] Registering I2C interface: /dev/i2c-8 Device 10DE:0A65 Subsystem: 1462:2291
66    |Info:    [ResourceManager] Registering I2C interface: /dev/i2c-6 Device 10DE:0A65 Subsystem: 1462:2291
66    |Info:    [ResourceManager] Registering I2C interface: /dev/i2c-4 Device 10DE:0A65 Subsystem: 1462:2291
66    |Info:    [ResourceManager] Registering I2C interface: /dev/i2c-11 Device 10DE:0A65 Subsystem: 1462:2291
66    |Info:    [ResourceManager] Registering I2C interface: /dev/i2c-2 Device 10DE:0A65 Subsystem: 1462:2291
66    |Info:    [ResourceManager] Registering I2C interface: /dev/i2c-0 Device 10DE:0A65 Subsystem: 1462:2291
66    |Info:    [ResourceManager] Registering I2C interface: /dev/i2c-9 Device 10DE:0A65 Subsystem: 1462:2291
66    |Info:    [ResourceManager] Registering I2C interface: /dev/i2c-7 Device 10DE:0A65 Subsystem: 1462:2291
67    |Info:    [ResourceManager] Registering I2C interface: /dev/i2c-5 Device 10DE:0A65 Subsystem: 1462:2291
67    |Info:    [ResourceManager] Registering I2C interface: /dev/i2c-12 Device 8086:A2A3 Subsystem: 1462:7C39
67    |Info:    ------------------------------------------------------
67    |Info:    |               Detecting I2C devices                |
67    |Info:    ------------------------------------------------------
364   |Info:    ------------------------------------------------------
364   |Info:    |            Detecting I2C DIMM modules              |
364   |Info:    ------------------------------------------------------
567   |Info:    [ResourceManager] Detected occupied slot 2, bus 12, type DDR4
894   |Info:    [ResourceManager] Detected occupied slot 4, bus 12, type DDR4
1161  |Info:    ------------------------------------------------------
1161  |Info:    |               Detecting I2C PCI devices            |
1161  |Info:    ------------------------------------------------------
1162  |Info:    ------------------------------------------------------
1162  |Info:    |               Detecting HID devices                |
1162  |Info:    ------------------------------------------------------
1162  |Info:    [] Registering RGB controller
1162  |Info:    ------------------------------------------------------
1162  |Info:    |            Detecting libusb HID devices            |
1162  |Info:    ------------------------------------------------------
1166  |Info:    ------------------------------------------------------
1166  |Info:    |              Detecting other devices               |
1166  |Info:    ------------------------------------------------------
1172  |Info:    [ResourceManager] Calling Post-detection callbacks
1172  |Info:    ------------------------------------------------------
1172  |Info:    |                Detection completed                 |
1172  |Info:    ------------------------------------------------------
