    OpenRGB v0.9+ (1.0rc2)
    Commit:  from 
    Launched: 20260613_235103
====================================================================================================

3     |Info:    [ProfileManager] Found file: 1.orp attempting to validate header
3     |Info:    [ProfileManager] Valid v5 profile found for 1
66    |Info:    [ResourceManager] Initializing HID interfaces: Success
66    |Info:    ------------------------------------------------------
66    |Info:    |               Start device detection               |
66    |Info:    ------------------------------------------------------
70    |Info:    ------------------------------------------------------
70    |Info:    |             Detecting I2C interfaces               |
70    |Info:    ------------------------------------------------------
89    |Info:    [ResourceManager] Registering I2C interface: /dev/i2c-3 Device 10DE:0A65 Subsystem: 1462:2291
89    |Info:    [ResourceManager] Registering I2C interface: /dev/i2c-10 Device 10DE:0A65 Subsystem: 1462:2291
89    |Info:    [ResourceManager] Registering I2C interface: /dev/i2c-1 Device 10DE:0A65 Subsystem: 1462:2291
89    |Info:    [ResourceManager] Registering I2C interface: /dev/i2c-8 Device 10DE:0A65 Subsystem: 1462:2291
89    |Info:    [ResourceManager] Registering I2C interface: /dev/i2c-6 Device 10DE:0A65 Subsystem: 1462:2291
89    |Info:    [ResourceManager] Registering I2C interface: /dev/i2c-4 Device 10DE:0A65 Subsystem: 1462:2291
89    |Info:    [ResourceManager] Registering I2C interface: /dev/i2c-11 Device 10DE:0A65 Subsystem: 1462:2291
89    |Info:    [ResourceManager] Registering I2C interface: /dev/i2c-2 Device 10DE:0A65 Subsystem: 1462:2291
89    |Info:    [ResourceManager] Registering I2C interface: /dev/i2c-0 Device 10DE:0A65 Subsystem: 1462:2291
89    |Info:    [ResourceManager] Registering I2C interface: /dev/i2c-9 Device 10DE:0A65 Subsystem: 1462:2291
89    |Info:    [ResourceManager] Registering I2C interface: /dev/i2c-7 Device 10DE:0A65 Subsystem: 1462:2291
89    |Info:    [ResourceManager] Registering I2C interface: /dev/i2c-5 Device 10DE:0A65 Subsystem: 1462:2291
89    |Info:    [ResourceManager] Registering I2C interface: /dev/i2c-12 Device 8086:A2A3 Subsystem: 1462:7C39
89    |Info:    ------------------------------------------------------
89    |Info:    |               Detecting I2C devices                |
89    |Info:    ------------------------------------------------------
395   |Info:    ------------------------------------------------------
395   |Info:    |            Detecting I2C DIMM modules              |
395   |Info:    ------------------------------------------------------
625   |Info:    [ResourceManager] Detected occupied slot 2, bus 12, type DDR4
959   |Info:    [ResourceManager] Detected occupied slot 4, bus 12, type DDR4
1223  |Info:    ------------------------------------------------------
1223  |Info:    |               Detecting I2C PCI devices            |
1223  |Info:    ------------------------------------------------------
1224  |Info:    ------------------------------------------------------
1224  |Info:    |               Detecting HID devices                |
1224  |Info:    ------------------------------------------------------
1224  |Info:    [] Registering RGB controller
1224  |Info:    ------------------------------------------------------
1224  |Info:    |            Detecting libusb HID devices            |
1224  |Info:    ------------------------------------------------------
1232  |Info:    ------------------------------------------------------
1232  |Info:    |              Detecting other devices               |
1232  |Info:    ------------------------------------------------------
1238  |Info:    [ResourceManager] Calling Post-detection callbacks
1238  |Info:    ------------------------------------------------------
1238  |Info:    |                Detection completed                 |
1238  |Info:    ------------------------------------------------------
