    OpenRGB v0.9+ (1.0rc2)
    Commit:  from 
    Launched: 20260614_105311
====================================================================================================

0     |Info:    [ProfileManager] Found file: 1.orp attempting to validate header
1     |Info:    [ProfileManager] Valid v5 profile found for 1
83    |Info:    [ResourceManager] Initializing HID interfaces: Success
83    |Info:    ------------------------------------------------------
83    |Info:    |               Start device detection               |
83    |Info:    ------------------------------------------------------
90    |Info:    ------------------------------------------------------
90    |Info:    |             Detecting I2C interfaces               |
90    |Info:    ------------------------------------------------------
129   |Info:    [ResourceManager] Registering I2C interface: /dev/i2c-3 Device 10DE:0A65 Subsystem: 1462:2291
129   |Info:    [ResourceManager] Registering I2C interface: /dev/i2c-10 Device 10DE:0A65 Subsystem: 1462:2291
130   |Info:    [ResourceManager] Registering I2C interface: /dev/i2c-1 Device 10DE:0A65 Subsystem: 1462:2291
130   |Info:    [ResourceManager] Registering I2C interface: /dev/i2c-8 Device 10DE:0A65 Subsystem: 1462:2291
130   |Info:    [ResourceManager] Registering I2C interface: /dev/i2c-6 Device 10DE:0A65 Subsystem: 1462:2291
130   |Info:    [ResourceManager] Registering I2C interface: /dev/i2c-4 Device 10DE:0A65 Subsystem: 1462:2291
130   |Info:    [ResourceManager] Registering I2C interface: /dev/i2c-11 Device 10DE:0A65 Subsystem: 1462:2291
130   |Info:    [ResourceManager] Registering I2C interface: /dev/i2c-2 Device 10DE:0A65 Subsystem: 1462:2291
130   |Info:    [ResourceManager] Registering I2C interface: /dev/i2c-0 Device 10DE:0A65 Subsystem: 1462:2291
130   |Info:    [ResourceManager] Registering I2C interface: /dev/i2c-9 Device 10DE:0A65 Subsystem: 1462:2291
130   |Info:    [ResourceManager] Registering I2C interface: /dev/i2c-7 Device 10DE:0A65 Subsystem: 1462:2291
130   |Info:    [ResourceManager] Registering I2C interface: /dev/i2c-5 Device 10DE:0A65 Subsystem: 1462:2291
130   |Info:    [ResourceManager] Registering I2C interface: /dev/i2c-12 Device 8086:A2A3 Subsystem: 1462:7C39
130   |Info:    ------------------------------------------------------
130   |Info:    |               Detecting I2C devices                |
130   |Info:    ------------------------------------------------------
444   |Info:    ------------------------------------------------------
444   |Info:    |            Detecting I2C DIMM modules              |
444   |Info:    ------------------------------------------------------
677   |Info:    [ResourceManager] Detected occupied slot 2, bus 12, type DDR4
1054  |Info:    [ResourceManager] Detected occupied slot 4, bus 12, type DDR4
1363  |Info:    ------------------------------------------------------
1363  |Info:    |               Detecting I2C PCI devices            |
1363  |Info:    ------------------------------------------------------
1364  |Info:    ------------------------------------------------------
1364  |Info:    |               Detecting HID devices                |
1364  |Info:    ------------------------------------------------------
1366  |Info:    [] Registering RGB controller
1366  |Info:    ------------------------------------------------------
1366  |Info:    |            Detecting libusb HID devices            |
1366  |Info:    ------------------------------------------------------
1371  |Info:    ------------------------------------------------------
1371  |Info:    |              Detecting other devices               |
1371  |Info:    ------------------------------------------------------
1380  |Info:    [ResourceManager] Calling Post-detection callbacks
1380  |Info:    ------------------------------------------------------
1380  |Info:    |                Detection completed                 |
1380  |Info:    ------------------------------------------------------
