    OpenRGB v0.9+ (1.0rc2)
    Commit:  from 
    Launched: 20260607_223559
====================================================================================================

64    |Info:    [ResourceManager] Initializing HID interfaces: Success
64    |Info:    ------------------------------------------------------
64    |Info:    |               Start device detection               |
64    |Info:    ------------------------------------------------------
78    |Info:    ------------------------------------------------------
78    |Info:    |             Detecting I2C interfaces               |
78    |Info:    ------------------------------------------------------
80    |Info:    [ResourceManager] Registering I2C interface: /dev/i2c-3 Device 10DE:0A65 Subsystem: 1462:2291
80    |Info:    [ResourceManager] Registering I2C interface: /dev/i2c-10 Device 10DE:0A65 Subsystem: 1462:2291
80    |Info:    [ResourceManager] Registering I2C interface: /dev/i2c-1 Device 10DE:0A65 Subsystem: 1462:2291
80    |Info:    [ResourceManager] Registering I2C interface: /dev/i2c-8 Device 10DE:0A65 Subsystem: 1462:2291
80    |Info:    [ResourceManager] Registering I2C interface: /dev/i2c-6 Device 10DE:0A65 Subsystem: 1462:2291
80    |Info:    [ResourceManager] Registering I2C interface: /dev/i2c-4 Device 10DE:0A65 Subsystem: 1462:2291
80    |Info:    [ResourceManager] Registering I2C interface: /dev/i2c-11 Device 10DE:0A65 Subsystem: 1462:2291
80    |Info:    [ResourceManager] Registering I2C interface: /dev/i2c-2 Device 10DE:0A65 Subsystem: 1462:2291
80    |Info:    [ResourceManager] Registering I2C interface: /dev/i2c-0 Device 10DE:0A65 Subsystem: 1462:2291
80    |Info:    [ResourceManager] Registering I2C interface: /dev/i2c-9 Device 10DE:0A65 Subsystem: 1462:2291
81    |Info:    [ResourceManager] Registering I2C interface: /dev/i2c-7 Device 10DE:0A65 Subsystem: 1462:2291
81    |Info:    [ResourceManager] Registering I2C interface: /dev/i2c-5 Device 10DE:0A65 Subsystem: 1462:2291
81    |Info:    [ResourceManager] Registering I2C interface: /dev/i2c-12 Device 8086:A2A3 Subsystem: 1462:7C39
81    |Info:    ------------------------------------------------------
81    |Info:    |               Detecting I2C devices                |
81    |Info:    ------------------------------------------------------
376   |Info:    ------------------------------------------------------
376   |Info:    |            Detecting I2C DIMM modules              |
376   |Info:    ------------------------------------------------------
580   |Info:    [ResourceManager] Detected occupied slot 2, bus 12, type DDR4
903   |Info:    [ResourceManager] Detected occupied slot 4, bus 12, type DDR4
1165  |Info:    ------------------------------------------------------
1166  |Info:    |               Detecting I2C PCI devices            |
1166  |Info:    ------------------------------------------------------
1167  |Info:    ------------------------------------------------------
1167  |Info:    |               Detecting HID devices                |
1167  |Info:    ------------------------------------------------------
1168  |Info:    [] Registering RGB controller
1168  |Info:    ------------------------------------------------------
1168  |Info:    |            Detecting libusb HID devices            |
1168  |Info:    ------------------------------------------------------
1172  |Info:    ------------------------------------------------------
1172  |Info:    |              Detecting other devices               |
1172  |Info:    ------------------------------------------------------
1177  |Info:    [ResourceManager] Calling Post-detection callbacks
1177  |Info:    ------------------------------------------------------
1177  |Info:    |                Detection completed                 |
1177  |Info:    ------------------------------------------------------
