    OpenRGB v0.9+ (1.0rc2)
    Commit:  from 
    Launched: 20260612_153716
====================================================================================================

66    |Info:    [ResourceManager] Initializing HID interfaces: Success
66    |Info:    ------------------------------------------------------
66    |Info:    |               Start device detection               |
66    |Info:    ------------------------------------------------------
72    |Info:    ------------------------------------------------------
72    |Info:    |             Detecting I2C interfaces               |
72    |Info:    ------------------------------------------------------
72    |Info:    [ResourceManager] Registering I2C interface: /dev/i2c-3 Device 10DE:0A65 Subsystem: 1462:2291
72    |Info:    [ResourceManager] Registering I2C interface: /dev/i2c-10 Device 10DE:0A65 Subsystem: 1462:2291
72    |Info:    [ResourceManager] Registering I2C interface: /dev/i2c-1 Device 10DE:0A65 Subsystem: 1462:2291
73    |Info:    [ResourceManager] Registering I2C interface: /dev/i2c-8 Device 10DE:0A65 Subsystem: 1462:2291
73    |Info:    [ResourceManager] Registering I2C interface: /dev/i2c-6 Device 10DE:0A65 Subsystem: 1462:2291
73    |Info:    [ResourceManager] Registering I2C interface: /dev/i2c-4 Device 10DE:0A65 Subsystem: 1462:2291
73    |Info:    [ResourceManager] Registering I2C interface: /dev/i2c-11 Device 10DE:0A65 Subsystem: 1462:2291
73    |Info:    [ResourceManager] Registering I2C interface: /dev/i2c-2 Device 10DE:0A65 Subsystem: 1462:2291
73    |Info:    [ResourceManager] Registering I2C interface: /dev/i2c-0 Device 10DE:0A65 Subsystem: 1462:2291
73    |Info:    [ResourceManager] Registering I2C interface: /dev/i2c-9 Device 10DE:0A65 Subsystem: 1462:2291
73    |Info:    [ResourceManager] Registering I2C interface: /dev/i2c-7 Device 10DE:0A65 Subsystem: 1462:2291
73    |Info:    [ResourceManager] Registering I2C interface: /dev/i2c-5 Device 10DE:0A65 Subsystem: 1462:2291
73    |Info:    [ResourceManager] Registering I2C interface: /dev/i2c-12 Device 8086:A2A3 Subsystem: 1462:7C39
73    |Info:    ------------------------------------------------------
73    |Info:    |               Detecting I2C devices                |
73    |Info:    ------------------------------------------------------
376   |Info:    ------------------------------------------------------
376   |Info:    |            Detecting I2C DIMM modules              |
376   |Info:    ------------------------------------------------------
588   |Info:    [ResourceManager] Detected occupied slot 2, bus 12, type DDR4
916   |Info:    [ResourceManager] Detected occupied slot 4, bus 12, type DDR4
1179  |Info:    ------------------------------------------------------
1179  |Info:    |               Detecting I2C PCI devices            |
1179  |Info:    ------------------------------------------------------
1180  |Info:    ------------------------------------------------------
1180  |Info:    |               Detecting HID devices                |
1180  |Info:    ------------------------------------------------------
1183  |Info:    [] Registering RGB controller
1183  |Info:    ------------------------------------------------------
1183  |Info:    |            Detecting libusb HID devices            |
1183  |Info:    ------------------------------------------------------
1188  |Info:    ------------------------------------------------------
1188  |Info:    |              Detecting other devices               |
1188  |Info:    ------------------------------------------------------
1195  |Info:    [ResourceManager] Calling Post-detection callbacks
1195  |Info:    ------------------------------------------------------
1195  |Info:    |                Detection completed                 |
1195  |Info:    ------------------------------------------------------
