    OpenRGB v0.9+ (1.0rc2)
    Commit:  from 
    Launched: 20260613_131134
====================================================================================================

0     |Info:    [ProfileManager] Found file: 1.orp attempting to validate header
1     |Info:    [ProfileManager] Valid v5 profile found for 1
65    |Info:    [ResourceManager] Initializing HID interfaces: Success
65    |Info:    ------------------------------------------------------
65    |Info:    |               Start device detection               |
65    |Info:    ------------------------------------------------------
69    |Info:    ------------------------------------------------------
69    |Info:    |             Detecting I2C interfaces               |
69    |Info:    ------------------------------------------------------
87    |Info:    [ResourceManager] Registering I2C interface: /dev/i2c-3 Device 10DE:0A65 Subsystem: 1462:2291
87    |Info:    [ResourceManager] Registering I2C interface: /dev/i2c-10 Device 10DE:0A65 Subsystem: 1462:2291
87    |Info:    [ResourceManager] Registering I2C interface: /dev/i2c-1 Device 10DE:0A65 Subsystem: 1462:2291
87    |Info:    [ResourceManager] Registering I2C interface: /dev/i2c-8 Device 10DE:0A65 Subsystem: 1462:2291
87    |Info:    [ResourceManager] Registering I2C interface: /dev/i2c-6 Device 10DE:0A65 Subsystem: 1462:2291
87    |Info:    [ResourceManager] Registering I2C interface: /dev/i2c-4 Device 10DE:0A65 Subsystem: 1462:2291
87    |Info:    [ResourceManager] Registering I2C interface: /dev/i2c-11 Device 10DE:0A65 Subsystem: 1462:2291
87    |Info:    [ResourceManager] Registering I2C interface: /dev/i2c-2 Device 10DE:0A65 Subsystem: 1462:2291
87    |Info:    [ResourceManager] Registering I2C interface: /dev/i2c-0 Device 10DE:0A65 Subsystem: 1462:2291
87    |Info:    [ResourceManager] Registering I2C interface: /dev/i2c-9 Device 10DE:0A65 Subsystem: 1462:2291
87    |Info:    [ResourceManager] Registering I2C interface: /dev/i2c-7 Device 10DE:0A65 Subsystem: 1462:2291
87    |Info:    [ResourceManager] Registering I2C interface: /dev/i2c-5 Device 10DE:0A65 Subsystem: 1462:2291
88    |Info:    [ResourceManager] Registering I2C interface: /dev/i2c-12 Device 8086:A2A3 Subsystem: 1462:7C39
88    |Info:    ------------------------------------------------------
88    |Info:    |               Detecting I2C devices                |
88    |Info:    ------------------------------------------------------
387   |Info:    ------------------------------------------------------
387   |Info:    |            Detecting I2C DIMM modules              |
387   |Info:    ------------------------------------------------------
594   |Info:    [ResourceManager] Detected occupied slot 2, bus 12, type DDR4
933   |Info:    [ResourceManager] Detected occupied slot 4, bus 12, type DDR4
1221  |Info:    ------------------------------------------------------
1221  |Info:    |               Detecting I2C PCI devices            |
1221  |Info:    ------------------------------------------------------
1222  |Info:    ------------------------------------------------------
1222  |Info:    |               Detecting HID devices                |
1222  |Info:    ------------------------------------------------------
1223  |Info:    [] Registering RGB controller
1223  |Info:    ------------------------------------------------------
1223  |Info:    |            Detecting libusb HID devices            |
1223  |Info:    ------------------------------------------------------
1228  |Info:    ------------------------------------------------------
1228  |Info:    |              Detecting other devices               |
1228  |Info:    ------------------------------------------------------
1234  |Info:    [ResourceManager] Calling Post-detection callbacks
1234  |Info:    ------------------------------------------------------
1234  |Info:    |                Detection completed                 |
1234  |Info:    ------------------------------------------------------
